2025-02-25 13:33:21,333 - INFO - ====== WebDriver manager ======
2025-02-25 13:33:21,333 - INFO - ====== WebDriver manager ======
2025-02-25 13:33:22,039 - INFO - Get LATEST chromedriver version for google-chrome
2025-02-25 13:33:22,039 - INFO - Get LATEST chromedriver version for google-chrome
2025-02-25 13:33:22,075 - INFO - Get LATEST chromedriver version for google-chrome
2025-02-25 13:33:22,077 - INFO - Get LATEST chromedriver version for google-chrome
2025-02-25 13:33:22,109 - INFO - Driver [C:\Users\Olivier\.wdm\drivers\chromedriver\win64\133.0.6943.126\chromedriver-win32/chromedriver.exe] found in cache
2025-02-25 13:33:22,111 - INFO - Driver [C:\Users\Olivier\.wdm\drivers\chromedriver\win64\133.0.6943.126\chromedriver-win32/chromedriver.exe] found in cache
2025-02-25 13:33:33,428 - INFO - ====== WebDriver manager ======
2025-02-25 13:33:33,614 - INFO - ====== WebDriver manager ======
2025-02-25 13:33:34,249 - INFO - Get LATEST chromedriver version for google-chrome
2025-02-25 13:33:34,263 - INFO - Get LATEST chromedriver version for google-chrome
2025-02-25 13:33:34,291 - INFO - Get LATEST chromedriver version for google-chrome
2025-02-25 13:33:34,320 - INFO - Driver [C:\Users\Olivier\.wdm\drivers\chromedriver\win64\133.0.6943.126\chromedriver-win32/chromedriver.exe] found in cache
2025-02-25 13:33:42,621 - INFO - Get LATEST chromedriver version for google-chrome
2025-02-25 13:33:42,651 - INFO - Driver [C:\Users\Olivier\.wdm\drivers\chromedriver\win64\133.0.6943.126\chromedriver-win32/chromedriver.exe] found in cache
2025-02-25 13:33:48,972 - WARNING - Retrying (Retry(total=2, connect=None, read=None, redirect=None, status=None)) after connection broken by 'NewConnectionError('<urllib3.connection.HTTPConnection object at 0x0000023D09C16800>: Failed to establish a new connection: [WinError 10061] Aucune connexion n’a pu être établie car l’ordinateur cible l’a expressément refusée')': /session/f3c098022c92fa0c853383a2e5c6251c/element
2025-02-25 13:33:53,035 - WARNING - Retrying (Retry(total=1, connect=None, read=None, redirect=None, status=None)) after connection broken by 'NewConnectionError('<urllib3.connection.HTTPConnection object at 0x0000023D09C14CA0>: Failed to establish a new connection: [WinError 10061] Aucune connexion n’a pu être établie car l’ordinateur cible l’a expressément refusée')': /session/f3c098022c92fa0c853383a2e5c6251c/element
2025-02-25 13:33:57,107 - WARNING - Retrying (Retry(total=0, connect=None, read=None, redirect=None, status=None)) after connection broken by 'NewConnectionError('<urllib3.connection.HTTPConnection object at 0x0000023D09C14E20>: Failed to establish a new connection: [WinError 10061] Aucune connexion n’a pu être établie car l’ordinateur cible l’a expressément refusée')': /session/f3c098022c92fa0c853383a2e5c6251c/element
2025-02-25 13:34:08,265 - WARNING - Retrying (Retry(total=2, connect=None, read=None, redirect=None, status=None)) after connection broken by 'NewConnectionError('<urllib3.connection.HTTPConnection object at 0x0000023D09C15B40>: Failed to establish a new connection: [WinError 10061] Aucune connexion n’a pu être établie car l’ordinateur cible l’a expressément refusée')': /session/f3c098022c92fa0c853383a2e5c6251c
2025-02-25 13:34:12,316 - WARNING - Retrying (Retry(total=1, connect=None, read=None, redirect=None, status=None)) after connection broken by 'NewConnectionError('<urllib3.connection.HTTPConnection object at 0x0000023D09C16170>: Failed to establish a new connection: [WinError 10061] Aucune connexion n’a pu être établie car l’ordinateur cible l’a expressément refusée')': /session/f3c098022c92fa0c853383a2e5c6251c
2025-02-25 13:34:16,378 - WARNING - Retrying (Retry(total=0, connect=None, read=None, redirect=None, status=None)) after connection broken by 'NewConnectionError('<urllib3.connection.HTTPConnection object at 0x0000023D09C15ED0>: Failed to establish a new connection: [WinError 10061] Aucune connexion n’a pu être établie car l’ordinateur cible l’a expressément refusée')': /session/f3c098022c92fa0c853383a2e5c6251c
2025-02-25 13:34:24,509 - INFO - ====== WebDriver manager ======
2025-02-25 13:34:25,180 - INFO - Get LATEST chromedriver version for google-chrome
2025-02-25 13:34:25,208 - INFO - Get LATEST chromedriver version for google-chrome
2025-02-25 13:34:25,243 - INFO - Driver [C:\Users\Olivier\.wdm\drivers\chromedriver\win64\133.0.6943.126\chromedriver-win32/chromedriver.exe] found in cache
2025-02-25 13:34:35,723 - INFO - 📁 Rapport HTML généré avec succès : _scraps\25-02-2025_133259_scrap\rapport_selleramp.html
2025-02-25 13:34:35,723 - INFO - 🎯 Analyse : 3 valides | 1 ignorés.
2025-02-25 13:44:47,093 - INFO - ⚡ Tentative 1/2 pour EAN 5010993697601...
2025-02-25 13:44:47,093 - INFO - ⚡ Tentative 1/2 pour EAN 5010993624492...
2025-02-25 13:44:47,094 - INFO - ====== WebDriver manager ======
2025-02-25 13:44:47,094 - INFO - ====== WebDriver manager ======
2025-02-25 13:44:47,793 - INFO - Get LATEST chromedriver version for google-chrome
2025-02-25 13:44:47,793 - INFO - Get LATEST chromedriver version for google-chrome
2025-02-25 13:44:47,826 - INFO - Get LATEST chromedriver version for google-chrome
2025-02-25 13:44:47,826 - INFO - Get LATEST chromedriver version for google-chrome
2025-02-25 13:44:47,857 - INFO - Driver [C:\Users\Olivier\.wdm\drivers\chromedriver\win64\133.0.6943.126\chromedriver-win32/chromedriver.exe] found in cache
2025-02-25 13:44:47,862 - INFO - Driver [C:\Users\Olivier\.wdm\drivers\chromedriver\win64\133.0.6943.126\chromedriver-win32/chromedriver.exe] found in cache
2025-02-25 13:44:58,549 - INFO - ⚡ Tentative 1/2 pour EAN 5026555437608...
2025-02-25 13:44:58,554 - INFO - ====== WebDriver manager ======
2025-02-25 13:44:59,165 - INFO - Get LATEST chromedriver version for google-chrome
2025-02-25 13:44:59,193 - INFO - Get LATEST chromedriver version for google-chrome
2025-02-25 13:44:59,222 - INFO - Driver [C:\Users\Olivier\.wdm\drivers\chromedriver\win64\133.0.6943.126\chromedriver-win32/chromedriver.exe] found in cache
2025-02-25 13:45:09,784 - INFO - 📁 Rapport HTML généré avec succès : _scraps\25-02-2025_134425_scrap\rapport_selleramp.html
2025-02-25 13:45:09,785 - INFO - 🎯 Analyse : 2 valides | 1 ignorés.
2025-02-25 14:22:34,988 - INFO - 📁 Rapport HTML généré avec succès : _scraps\25-02-2025_141724_scrap\rapport_selleramp.html
2025-02-25 14:22:34,988 - INFO - 🎯 Analyse : 0 valides | 0 ignorés.
2025-02-25 14:35:02,626 - INFO - ⚡ Tentative 1/2 pour EAN 5010993697601...
2025-02-25 14:35:02,626 - INFO - ⚡ Tentative 1/2 pour EAN 5010993624492...
2025-02-25 14:35:02,627 - INFO - ====== WebDriver manager ======
2025-02-25 14:35:02,627 - INFO - ====== WebDriver manager ======
2025-02-25 14:35:03,314 - INFO - Get LATEST chromedriver version for google-chrome
2025-02-25 14:35:03,315 - INFO - Get LATEST chromedriver version for google-chrome
2025-02-25 14:35:03,350 - INFO - Get LATEST chromedriver version for google-chrome
2025-02-25 14:35:03,352 - INFO - Get LATEST chromedriver version for google-chrome
2025-02-25 14:35:03,403 - INFO - Driver [C:\Users\Olivier\.wdm\drivers\chromedriver\win64\133.0.6943.126\chromedriver-win32/chromedriver.exe] found in cache
2025-02-25 14:35:03,405 - INFO - Driver [C:\Users\Olivier\.wdm\drivers\chromedriver\win64\133.0.6943.126\chromedriver-win32/chromedriver.exe] found in cache
2025-02-25 14:35:11,599 - WARNING - ⚠️ Choix multiples pour EAN 5010993697601, ligne ignorée.
2025-02-25 14:39:28,513 - INFO - ⚡ Tentative 1/2 pour EAN 5010993697601...
2025-02-25 14:39:28,513 - INFO - ⚡ Tentative 1/2 pour EAN 5010993624492...
2025-02-25 14:39:28,513 - WARNING - ⚠️ Erreur pour EAN 5010993697601: ChromeDriverManager.__init__() got an unexpected keyword argument 'version'
2025-02-25 14:39:28,514 - WARNING - ⚠️ Erreur pour EAN 5010993624492: ChromeDriverManager.__init__() got an unexpected keyword argument 'version'
2025-02-25 14:39:31,521 - INFO - ⚡ Tentative 2/2 pour EAN 5010993624492...
2025-02-25 14:39:31,521 - INFO - ⚡ Tentative 2/2 pour EAN 5010993697601...
2025-02-25 14:39:31,521 - WARNING - ⚠️ Erreur pour EAN 5010993624492: ChromeDriverManager.__init__() got an unexpected keyword argument 'version'
2025-02-25 14:39:31,521 - WARNING - ⚠️ Erreur pour EAN 5010993697601: ChromeDriverManager.__init__() got an unexpected keyword argument 'version'
2025-02-25 14:39:34,526 - INFO - ⚡ Tentative 1/2 pour EAN 5026555437608...
2025-02-25 14:39:34,526 - INFO - ⚡ Tentative 1/2 pour EAN 3307216284123...
2025-02-25 14:39:34,526 - WARNING - ⚠️ Erreur pour EAN 5026555437608: ChromeDriverManager.__init__() got an unexpected keyword argument 'version'
2025-02-25 14:39:34,526 - WARNING - ⚠️ Erreur pour EAN 3307216284123: ChromeDriverManager.__init__() got an unexpected keyword argument 'version'
2025-02-25 14:39:37,528 - INFO - ⚡ Tentative 2/2 pour EAN 3307216284123...
2025-02-25 14:39:37,528 - INFO - ⚡ Tentative 2/2 pour EAN 5026555437608...
2025-02-25 14:39:37,528 - WARNING - ⚠️ Erreur pour EAN 3307216284123: ChromeDriverManager.__init__() got an unexpected keyword argument 'version'
2025-02-25 14:39:37,529 - WARNING - ⚠️ Erreur pour EAN 5026555437608: ChromeDriverManager.__init__() got an unexpected keyword argument 'version'
2025-02-25 14:39:40,545 - INFO - ⚡ Tentative 1/2 pour EAN 8806095654843...
2025-02-25 14:39:40,545 - WARNING - ⚠️ Erreur pour EAN 8806095654843: ChromeDriverManager.__init__() got an unexpected keyword argument 'version'
2025-02-25 14:39:43,559 - INFO - ⚡ Tentative 2/2 pour EAN 8806095654843...
2025-02-25 14:39:43,559 - WARNING - ⚠️ Erreur pour EAN 8806095654843: ChromeDriverManager.__init__() got an unexpected keyword argument 'version'
2025-02-25 14:39:46,568 - INFO - 📁 Rapport HTML généré avec succès : _scraps\25-02-2025_143855_scrap\rapport_selleramp.html
2025-02-25 14:39:46,569 - INFO - 🎯 Analyse : 0 valides | 5 ignorés.
2025-02-25 14:41:46,706 - INFO - ⚡ Tentative 1/2 pour EAN 5010993697601...
2025-02-25 14:41:46,706 - INFO - ⚡ Tentative 1/2 pour EAN 5010993624492...
2025-02-25 14:41:46,706 - INFO - ====== WebDriver manager ======
2025-02-25 14:41:46,707 - INFO - ====== WebDriver manager ======
2025-02-25 14:41:47,397 - INFO - Get LATEST chromedriver version for google-chrome
2025-02-25 14:41:47,397 - INFO - Get LATEST chromedriver version for google-chrome
2025-02-25 14:41:47,436 - INFO - Get LATEST chromedriver version for google-chrome
2025-02-25 14:41:47,445 - INFO - Get LATEST chromedriver version for google-chrome
2025-02-25 14:41:47,475 - INFO - Driver [C:\Users\Olivier\.wdm\drivers\chromedriver\win64\133.0.6943.126\chromedriver-win32/chromedriver.exe] found in cache
2025-02-25 14:41:47,475 - INFO - Driver [C:\Users\Olivier\.wdm\drivers\chromedriver\win64\133.0.6943.126\chromedriver-win32/chromedriver.exe] found in cache
2025-02-25 14:41:56,081 - WARNING - ⚠️ Choix multiples pour EAN 5010993697601, sélection du premier résultat.
2025-02-25 14:47:03,730 - INFO - ⚡ Tentative 1/2 pour EAN 5010993697601...
2025-02-25 14:47:03,730 - INFO - ⚡ Tentative 1/2 pour EAN 5010993624492...
2025-02-25 14:47:03,730 - INFO - ====== WebDriver manager ======
2025-02-25 14:47:03,731 - INFO - ====== WebDriver manager ======
2025-02-25 14:47:04,415 - INFO - Get LATEST chromedriver version for google-chrome
2025-02-25 14:47:04,417 - INFO - Get LATEST chromedriver version for google-chrome
2025-02-25 14:47:04,453 - INFO - Get LATEST chromedriver version for google-chrome
2025-02-25 14:47:04,453 - INFO - Get LATEST chromedriver version for google-chrome
2025-02-25 14:47:04,485 - INFO - Driver [C:\Users\Olivier\.wdm\drivers\chromedriver\win64\133.0.6943.126\chromedriver-win32/chromedriver.exe] found in cache
2025-02-25 14:47:04,491 - INFO - Driver [C:\Users\Olivier\.wdm\drivers\chromedriver\win64\133.0.6943.126\chromedriver-win32/chromedriver.exe] found in cache
2025-02-25 14:47:12,700 - WARNING - ⚠️ Choix multiples pour EAN 5010993697601, sélection du premier résultat.
2025-02-25 14:52:15,594 - INFO - ⚡ Tentative 1/2 pour EAN 5010993697601...
2025-02-25 14:52:15,594 - INFO - ⚡ Tentative 1/2 pour EAN 5010993624492...
2025-02-25 14:52:15,594 - INFO - ====== WebDriver manager ======
2025-02-25 14:52:15,594 - INFO - ====== WebDriver manager ======
2025-02-25 14:52:16,292 - INFO - Get LATEST chromedriver version for google-chrome
2025-02-25 14:52:16,292 - INFO - Get LATEST chromedriver version for google-chrome
2025-02-25 14:52:16,339 - INFO - Get LATEST chromedriver version for google-chrome
2025-02-25 14:52:16,339 - INFO - Get LATEST chromedriver version for google-chrome
2025-02-25 14:52:16,379 - INFO - Driver [C:\Users\Olivier\.wdm\drivers\chromedriver\win64\133.0.6943.126\chromedriver-win32/chromedriver.exe] found in cache
2025-02-25 14:52:16,383 - INFO - Driver [C:\Users\Olivier\.wdm\drivers\chromedriver\win64\133.0.6943.126\chromedriver-win32/chromedriver.exe] found in cache
2025-02-25 14:52:27,264 - WARNING - ⚠️ Choix multiples pour EAN 5010993697601, sélection du premier résultat.
2025-02-25 14:52:27,273 - WARNING - ⚠️ Aucun élément cliquable pour EAN 5010993697601.
2025-02-25 14:56:06,857 - INFO - ⚡ Tentative 1/2 pour EAN 5010993697601...
2025-02-25 14:56:06,857 - INFO - ⚡ Tentative 1/2 pour EAN 5010993624492...
2025-02-25 14:56:06,857 - INFO - ====== WebDriver manager ======
2025-02-25 14:56:06,857 - INFO - ====== WebDriver manager ======
2025-02-25 14:56:07,565 - INFO - Get LATEST chromedriver version for google-chrome
2025-02-25 14:56:07,568 - INFO - Get LATEST chromedriver version for google-chrome
2025-02-25 14:56:07,604 - INFO - Get LATEST chromedriver version for google-chrome
2025-02-25 14:56:07,608 - INFO - Get LATEST chromedriver version for google-chrome
2025-02-25 14:56:07,643 - INFO - Driver [C:\Users\Olivier\.wdm\drivers\chromedriver\win64\133.0.6943.126\chromedriver-win32/chromedriver.exe] found in cache
2025-02-25 14:56:07,644 - INFO - Driver [C:\Users\Olivier\.wdm\drivers\chromedriver\win64\133.0.6943.126\chromedriver-win32/chromedriver.exe] found in cache
2025-02-25 14:56:16,382 - WARNING - ⚠️ Choix multiples pour EAN 5010993697601, sélection du premier résultat.
2025-02-25 14:56:16,389 - WARNING - ⚠️ Aucun élément cliquable pour EAN 5010993697601.
2025-02-25 14:57:01,190 - INFO - ⚡ Tentative 1/2 pour EAN 5010993697601...
2025-02-25 14:57:01,190 - INFO - ⚡ Tentative 1/2 pour EAN 5010993624492...
2025-02-25 14:57:01,190 - INFO - ====== WebDriver manager ======
2025-02-25 14:57:01,191 - INFO - ====== WebDriver manager ======
2025-02-25 14:57:01,998 - INFO - Get LATEST chromedriver version for google-chrome
2025-02-25 14:57:01,998 - INFO - Get LATEST chromedriver version for google-chrome
2025-02-25 14:57:02,033 - INFO - Get LATEST chromedriver version for google-chrome
2025-02-25 14:57:02,037 - INFO - Get LATEST chromedriver version for google-chrome
2025-02-25 14:57:02,070 - INFO - Driver [C:\Users\Olivier\.wdm\drivers\chromedriver\win64\133.0.6943.126\chromedriver-win32/chromedriver.exe] found in cache
2025-02-25 14:57:02,071 - INFO - Driver [C:\Users\Olivier\.wdm\drivers\chromedriver\win64\133.0.6943.126\chromedriver-win32/chromedriver.exe] found in cache
2025-02-25 14:57:10,414 - WARNING - ⚠️ Choix multiples pour EAN 5010993697601, sélection du premier résultat.
2025-02-25 14:57:10,423 - WARNING - ⚠️ Aucun élément cliquable pour EAN 5010993697601.
